0 info it worked if it ends with ok
1 verbose cli [ 'node',
1 verbose cli   '/usr/local/bin/npm',
1 verbose cli   'install',
1 verbose cli   '--save-dev',
1 verbose cli   'grunt-contrib-jshint' ]
2 info using npm@1.4.28
3 info using node@v0.10.35
4 warn package.json meadowlark@1.0.0 No README data
5 verbose readDependencies using package.json deps
6 verbose cache add [ 'grunt-contrib-jshint', null ]
7 verbose cache add name=undefined spec="grunt-contrib-jshint" args=["grunt-contrib-jshint",null]
8 verbose parsed url { protocol: null,
8 verbose parsed url   slashes: null,
8 verbose parsed url   auth: null,
8 verbose parsed url   host: null,
8 verbose parsed url   port: null,
8 verbose parsed url   hostname: null,
8 verbose parsed url   hash: null,
8 verbose parsed url   search: null,
8 verbose parsed url   query: null,
8 verbose parsed url   pathname: 'grunt-contrib-jshint',
8 verbose parsed url   path: 'grunt-contrib-jshint',
8 verbose parsed url   href: 'grunt-contrib-jshint' }
9 silly lockFile 0324b488-grunt-contrib-jshint grunt-contrib-jshint
10 verbose lock grunt-contrib-jshint /Users/blake/.npm/0324b488-grunt-contrib-jshint.lock
11 silly lockFile 0324b488-grunt-contrib-jshint grunt-contrib-jshint
12 silly lockFile 0324b488-grunt-contrib-jshint grunt-contrib-jshint
13 verbose addNamed [ 'grunt-contrib-jshint', '' ]
14 verbose addNamed [ null, '*' ]
15 silly lockFile c28ce841-grunt-contrib-jshint grunt-contrib-jshint@
16 verbose lock grunt-contrib-jshint@ /Users/blake/.npm/c28ce841-grunt-contrib-jshint.lock
17 silly addNameRange { name: 'grunt-contrib-jshint', range: '*', hasData: false }
18 verbose request where is /grunt-contrib-jshint
19 verbose request registry https://registry.npmjs.org/
20 verbose request id 6431a6ceb9615fb3
21 verbose url raw /grunt-contrib-jshint
22 verbose url resolving [ 'https://registry.npmjs.org/', './grunt-contrib-jshint' ]
23 verbose url resolved https://registry.npmjs.org/grunt-contrib-jshint
24 verbose request where is https://registry.npmjs.org/grunt-contrib-jshint
25 info trying registry request attempt 1 at 19:19:35
26 verbose etag "AJV6WY750AV4LE9YZVNFSRBY0"
27 http GET https://registry.npmjs.org/grunt-contrib-jshint
28 http 200 https://registry.npmjs.org/grunt-contrib-jshint
29 silly registry.get cb [ 200,
29 silly registry.get   { date: 'Thu, 16 Apr 2015 23:19:35 GMT',
29 silly registry.get     server: 'CouchDB/1.5.0 (Erlang OTP/R16B03)',
29 silly registry.get     etag: '"6F8EY1WJJ4CVZ0D61BYBEIFC4"',
29 silly registry.get     'content-type': 'application/json',
29 silly registry.get     'cache-control': 'max-age=60',
29 silly registry.get     'content-length': '59031',
29 silly registry.get     'accept-ranges': 'bytes',
29 silly registry.get     via: '1.1 varnish',
29 silly registry.get     age: '10',
29 silly registry.get     'x-served-by': 'cache-jfk1033-JFK',
29 silly registry.get     'x-cache': 'HIT',
29 silly registry.get     'x-cache-hits': '1',
29 silly registry.get     'x-timer': 'S1429226375.780280,VS0,VE0',
29 silly registry.get     vary: 'Accept',
29 silly registry.get     'keep-alive': 'timeout=10, max=50',
29 silly registry.get     connection: 'Keep-Alive' } ]
30 silly addNameRange number 2 { name: 'grunt-contrib-jshint', range: '*', hasData: true }
31 silly addNameRange versions [ 'grunt-contrib-jshint',
31 silly addNameRange   [ '0.1.0',
31 silly addNameRange     '0.1.1',
31 silly addNameRange     '0.2.0',
31 silly addNameRange     '0.3.0',
31 silly addNameRange     '0.4.0',
31 silly addNameRange     '0.4.1',
31 silly addNameRange     '0.4.2',
31 silly addNameRange     '0.4.3',
31 silly addNameRange     '0.5.0',
31 silly addNameRange     '0.5.1',
31 silly addNameRange     '0.5.2',
31 silly addNameRange     '0.5.3',
31 silly addNameRange     '0.5.4',
31 silly addNameRange     '0.6.0',
31 silly addNameRange     '0.6.1',
31 silly addNameRange     '0.6.2',
31 silly addNameRange     '0.6.3',
31 silly addNameRange     '0.6.4',
31 silly addNameRange     '0.6.5',
31 silly addNameRange     '0.7.0',
31 silly addNameRange     '0.7.1',
31 silly addNameRange     '0.7.2',
31 silly addNameRange     '0.8.0',
31 silly addNameRange     '0.9.0',
31 silly addNameRange     '0.9.1',
31 silly addNameRange     '0.9.2',
31 silly addNameRange     '0.10.0',
31 silly addNameRange     '0.11.0',
31 silly addNameRange     '0.11.1',
31 silly addNameRange     '0.11.2',
31 silly addNameRange     '0.1.1-rc5',
31 silly addNameRange     '0.1.1-rc6' ] ]
32 verbose addNamed [ 'grunt-contrib-jshint', '0.11.2' ]
33 verbose addNamed [ '0.11.2', '0.11.2' ]
34 silly lockFile 53316110-grunt-contrib-jshint-0-11-2 grunt-contrib-jshint@0.11.2
35 verbose lock grunt-contrib-jshint@0.11.2 /Users/blake/.npm/53316110-grunt-contrib-jshint-0-11-2.lock
36 silly lockFile 04ba944b--grunt-contrib-jshint-0-11-2-tgz https://registry.npmjs.org/grunt-contrib-jshint/-/grunt-contrib-jshint-0.11.2.tgz
37 verbose lock https://registry.npmjs.org/grunt-contrib-jshint/-/grunt-contrib-jshint-0.11.2.tgz /Users/blake/.npm/04ba944b--grunt-contrib-jshint-0-11-2-tgz.lock
38 verbose addRemoteTarball [ 'https://registry.npmjs.org/grunt-contrib-jshint/-/grunt-contrib-jshint-0.11.2.tgz',
38 verbose addRemoteTarball   'a7e000427bb007848c1099264860c0485b4741d3' ]
39 info retry fetch attempt 1 at 19:19:35
40 verbose fetch to= /var/folders/sd/3zy88yts1x90y16_xl51q34h0000gn/T/npm-1202-5OLAKV6C/registry.npmjs.org/grunt-contrib-jshint/-/grunt-contrib-jshint-0.11.2.tgz
41 http GET https://registry.npmjs.org/grunt-contrib-jshint/-/grunt-contrib-jshint-0.11.2.tgz
42 http 200 https://registry.npmjs.org/grunt-contrib-jshint/-/grunt-contrib-jshint-0.11.2.tgz
43 silly lockFile 04ba944b--grunt-contrib-jshint-0-11-2-tgz https://registry.npmjs.org/grunt-contrib-jshint/-/grunt-contrib-jshint-0.11.2.tgz
44 silly lockFile 04ba944b--grunt-contrib-jshint-0-11-2-tgz https://registry.npmjs.org/grunt-contrib-jshint/-/grunt-contrib-jshint-0.11.2.tgz
45 silly lockFile 53316110-grunt-contrib-jshint-0-11-2 grunt-contrib-jshint@0.11.2
46 silly lockFile 53316110-grunt-contrib-jshint-0-11-2 grunt-contrib-jshint@0.11.2
47 silly lockFile c28ce841-grunt-contrib-jshint grunt-contrib-jshint@
48 silly lockFile c28ce841-grunt-contrib-jshint grunt-contrib-jshint@
49 error Error: EACCES, mkdir '/Users/blake/.npm/grunt-contrib-jshint/0.11.2'
49 error  { [Error: EACCES, mkdir '/Users/blake/.npm/grunt-contrib-jshint/0.11.2']
49 error   errno: 3,
49 error   code: 'EACCES',
49 error   path: '/Users/blake/.npm/grunt-contrib-jshint/0.11.2',
49 error   parent: 'meadowlark' }
50 error Please try running this command again as root/Administrator.
51 error System Darwin 14.3.0
52 error command "node" "/usr/local/bin/npm" "install" "--save-dev" "grunt-contrib-jshint"
53 error cwd /Users/blake/Documents/NODE/meadowlark
54 error node -v v0.10.35
55 error npm -v 1.4.28
56 error path /Users/blake/.npm/grunt-contrib-jshint/0.11.2
57 error code EACCES
58 error errno 3
59 error stack Error: EACCES, mkdir '/Users/blake/.npm/grunt-contrib-jshint/0.11.2'
60 verbose exit [ 3, true ]
